{"/home/vinicius/Documents/courses/js-expert/08.Design-patterns-02/structural/05.adapter/src/business/adapters/rickAndMortyBRLAdapter.js": {"path":"/home/vinicius/Documents/courses/js-expert/08.Design-patterns-02/structural/05.adapter/src/business/adapters/rickAndMortyBRLAdapter.js","all":false,"statementMap":{"0":{"start":{"line":1,"column":0},"end":{"line":1,"column":65}},"1":{"start":{"line":2,"column":0},"end":{"line":2,"column":0}},"2":{"start":{"line":3,"column":0},"end":{"line":3,"column":45}},"3":{"start":{"line":4,"column":0},"end":{"line":4,"column":32}},"4":{"start":{"line":5,"column":0},"end":{"line":5,"column":51}},"5":{"start":{"line":6,"column":0},"end":{"line":6,"column":3}},"6":{"start":{"line":7,"column":0},"end":{"line":7,"column":1}}},"s":{"0":1,"1":1,"2":1,"3":1,"4":1,"5":1,"6":1},"branchMap":{"0":{"type":"branch","line":1,"loc":{"start":{"line":1,"column":28},"end":{"line":3,"column":45}},"locations":[{"start":{"line":1,"column":28},"end":{"line":3,"column":45}}]}},"b":{"0":[1]},"fnMap":{"0":{"name":"getCharacters","decl":{"start":{"line":1,"column":28},"end":{"line":3,"column":45}},"loc":{"start":{"line":1,"column":28},"end":{"line":3,"column":45}},"line":1}},"f":{"0":1}}
,"/home/vinicius/Documents/courses/js-expert/08.Design-patterns-02/structural/05.adapter/src/business/adapters/rickAndMortyUSAAdapter.js": {"path":"/home/vinicius/Documents/courses/js-expert/08.Design-patterns-02/structural/05.adapter/src/business/adapters/rickAndMortyUSAAdapter.js","all":false,"statementMap":{"0":{"start":{"line":1,"column":0},"end":{"line":1,"column":65}},"1":{"start":{"line":2,"column":0},"end":{"line":2,"column":0}},"2":{"start":{"line":3,"column":0},"end":{"line":3,"column":45}},"3":{"start":{"line":4,"column":0},"end":{"line":4,"column":32}},"4":{"start":{"line":5,"column":0},"end":{"line":5,"column":50}},"5":{"start":{"line":6,"column":0},"end":{"line":6,"column":3}},"6":{"start":{"line":7,"column":0},"end":{"line":7,"column":1}}},"s":{"0":1,"1":1,"2":1,"3":1,"4":1,"5":1,"6":1},"branchMap":{"0":{"type":"branch","line":1,"loc":{"start":{"line":1,"column":28},"end":{"line":3,"column":44}},"locations":[{"start":{"line":1,"column":28},"end":{"line":3,"column":44}}]}},"b":{"0":[1]},"fnMap":{"0":{"name":"getCharacters","decl":{"start":{"line":1,"column":28},"end":{"line":3,"column":44}},"loc":{"start":{"line":1,"column":28},"end":{"line":3,"column":44}},"line":1}},"f":{"0":1}}
,"/home/vinicius/Documents/courses/js-expert/08.Design-patterns-02/structural/05.adapter/src/business/integrations/rickAndMortyBRL.js": {"path":"/home/vinicius/Documents/courses/js-expert/08.Design-patterns-02/structural/05.adapter/src/business/integrations/rickAndMortyBRL.js","all":false,"statementMap":{"0":{"start":{"line":1,"column":0},"end":{"line":1,"column":26}},"1":{"start":{"line":2,"column":0},"end":{"line":2,"column":0}},"2":{"start":{"line":3,"column":0},"end":{"line":3,"column":52}},"3":{"start":{"line":4,"column":0},"end":{"line":4,"column":0}},"4":{"start":{"line":5,"column":0},"end":{"line":5,"column":170}},"5":{"start":{"line":6,"column":0},"end":{"line":6,"column":0}},"6":{"start":{"line":7,"column":0},"end":{"line":7,"column":38}},"7":{"start":{"line":8,"column":0},"end":{"line":8,"column":40}},"8":{"start":{"line":9,"column":0},"end":{"line":9,"column":32}},"9":{"start":{"line":10,"column":0},"end":{"line":10,"column":60}},"10":{"start":{"line":11,"column":0},"end":{"line":11,"column":0}},"11":{"start":{"line":12,"column":0},"end":{"line":12,"column":52}},"12":{"start":{"line":13,"column":0},"end":{"line":13,"column":3}},"13":{"start":{"line":14,"column":0},"end":{"line":14,"column":1}}},"s":{"0":1,"1":1,"2":1,"3":1,"4":1,"5":2,"6":2,"7":2,"8":2,"9":1,"10":1,"11":1,"12":1,"13":1},"branchMap":{"0":{"type":"branch","line":5,"loc":{"start":{"line":5,"column":12},"end":{"line":10,"column":35}},"locations":[{"start":{"line":5,"column":12},"end":{"line":10,"column":35}}]},"1":{"type":"branch","line":10,"loc":{"start":{"line":10,"column":12},"end":{"line":10,"column":33}},"locations":[{"start":{"line":10,"column":12},"end":{"line":10,"column":33}}]}},"b":{"0":[2],"1":[1]},"fnMap":{"0":{"name":"getCharactersFromJSON","decl":{"start":{"line":5,"column":12},"end":{"line":10,"column":35}},"loc":{"start":{"line":5,"column":12},"end":{"line":10,"column":35}},"line":5}},"f":{"0":2}}
,"/home/vinicius/Documents/courses/js-expert/08.Design-patterns-02/structural/05.adapter/src/business/integrations/rickAndMortyUSA.js": {"path":"/home/vinicius/Documents/courses/js-expert/08.Design-patterns-02/structural/05.adapter/src/business/integrations/rickAndMortyUSA.js","all":false,"statementMap":{"0":{"start":{"line":1,"column":0},"end":{"line":1,"column":44}},"1":{"start":{"line":2,"column":0},"end":{"line":2,"column":26}},"2":{"start":{"line":3,"column":0},"end":{"line":3,"column":0}},"3":{"start":{"line":4,"column":0},"end":{"line":4,"column":52}},"4":{"start":{"line":5,"column":0},"end":{"line":5,"column":0}},"5":{"start":{"line":6,"column":0},"end":{"line":6,"column":169}},"6":{"start":{"line":7,"column":0},"end":{"line":7,"column":0}},"7":{"start":{"line":8,"column":0},"end":{"line":8,"column":38}},"8":{"start":{"line":9,"column":0},"end":{"line":9,"column":39}},"9":{"start":{"line":10,"column":0},"end":{"line":10,"column":42}},"10":{"start":{"line":11,"column":0},"end":{"line":11,"column":21}},"11":{"start":{"line":12,"column":0},"end":{"line":12,"column":59}},"12":{"start":{"line":13,"column":0},"end":{"line":13,"column":74}},"13":{"start":{"line":14,"column":0},"end":{"line":14,"column":5}},"14":{"start":{"line":15,"column":0},"end":{"line":15,"column":0}},"15":{"start":{"line":16,"column":0},"end":{"line":16,"column":78}},"16":{"start":{"line":17,"column":0},"end":{"line":17,"column":91}},"17":{"start":{"line":18,"column":0},"end":{"line":18,"column":71}},"18":{"start":{"line":19,"column":0},"end":{"line":19,"column":0}},"19":{"start":{"line":20,"column":0},"end":{"line":20,"column":58}},"20":{"start":{"line":21,"column":0},"end":{"line":21,"column":3}},"21":{"start":{"line":22,"column":0},"end":{"line":22,"column":1}}},"s":{"0":1,"1":1,"2":1,"3":1,"4":1,"5":1,"6":2,"7":2,"8":2,"9":2,"10":2,"11":2,"12":2,"13":2,"14":2,"15":2,"16":2,"17":1,"18":1,"19":1,"20":1,"21":1},"branchMap":{"0":{"type":"branch","line":6,"loc":{"start":{"line":6,"column":12},"end":{"line":18,"column":47}},"locations":[{"start":{"line":6,"column":12},"end":{"line":18,"column":47}}]},"1":{"type":"branch","line":17,"loc":{"start":{"line":17,"column":51},"end":{"line":17,"column":75}},"locations":[{"start":{"line":17,"column":51},"end":{"line":17,"column":75}}]},"2":{"type":"branch","line":17,"loc":{"start":{"line":17,"column":57},"end":{"line":17,"column":75}},"locations":[{"start":{"line":17,"column":57},"end":{"line":17,"column":75}}]},"3":{"type":"branch","line":18,"loc":{"start":{"line":18,"column":10},"end":{"line":18,"column":39}},"locations":[{"start":{"line":18,"column":10},"end":{"line":18,"column":39}}]}},"b":{"0":[2],"1":[1],"2":[1],"3":[1]},"fnMap":{"0":{"name":"getCharactersFromXML","decl":{"start":{"line":6,"column":12},"end":{"line":18,"column":47}},"loc":{"start":{"line":6,"column":12},"end":{"line":18,"column":47}},"line":6}},"f":{"0":2}}
,"/home/vinicius/Documents/courses/js-expert/08.Design-patterns-02/structural/05.adapter/src/entities/character.js": {"path":"/home/vinicius/Documents/courses/js-expert/08.Design-patterns-02/structural/05.adapter/src/entities/character.js","all":false,"statementMap":{"0":{"start":{"line":1,"column":0},"end":{"line":1,"column":32}},"1":{"start":{"line":2,"column":0},"end":{"line":2,"column":78}},"2":{"start":{"line":3,"column":0},"end":{"line":3,"column":25}},"3":{"start":{"line":4,"column":0},"end":{"line":4,"column":21}},"4":{"start":{"line":5,"column":0},"end":{"line":5,"column":25}},"5":{"start":{"line":6,"column":0},"end":{"line":6,"column":27}},"6":{"start":{"line":7,"column":0},"end":{"line":7,"column":21}},"7":{"start":{"line":8,"column":0},"end":{"line":8,"column":25}},"8":{"start":{"line":9,"column":0},"end":{"line":9,"column":31}},"9":{"start":{"line":10,"column":0},"end":{"line":10,"column":35}},"10":{"start":{"line":11,"column":0},"end":{"line":11,"column":3}},"11":{"start":{"line":12,"column":0},"end":{"line":12,"column":1}}},"s":{"0":3,"1":3,"2":3,"3":3,"4":3,"5":3,"6":3,"7":1,"8":1,"9":1,"10":1,"11":1},"branchMap":{"0":{"type":"branch","line":1,"loc":{"start":{"line":1,"column":0},"end":{"line":8,"column":8}},"locations":[{"start":{"line":1,"column":0},"end":{"line":8,"column":8}}]}},"b":{"0":[3]},"fnMap":{"0":{"name":"Character","decl":{"start":{"line":1,"column":0},"end":{"line":8,"column":8}},"loc":{"start":{"line":1,"column":0},"end":{"line":8,"column":8}},"line":1}},"f":{"0":3}}
}
