{"/home/vinicius/Documents/courses/js-expert/08.Design-patterns-02/structural/04.decorator-middleware/src/agent.js": {"path":"/home/vinicius/Documents/courses/js-expert/08.Design-patterns-02/structural/04.decorator-middleware/src/agent.js","all":false,"statementMap":{"0":{"start":{"line":1,"column":0},"end":{"line":1,"column":24}},"1":{"start":{"line":2,"column":0},"end":{"line":2,"column":0}},"2":{"start":{"line":3,"column":0},"end":{"line":3,"column":39}},"3":{"start":{"line":4,"column":0},"end":{"line":4,"column":40}},"4":{"start":{"line":5,"column":0},"end":{"line":5,"column":45}},"5":{"start":{"line":6,"column":0},"end":{"line":6,"column":51}},"6":{"start":{"line":7,"column":0},"end":{"line":7,"column":39}},"7":{"start":{"line":8,"column":0},"end":{"line":8,"column":0}},"8":{"start":{"line":9,"column":0},"end":{"line":9,"column":29}},"9":{"start":{"line":10,"column":0},"end":{"line":10,"column":61}},"10":{"start":{"line":11,"column":0},"end":{"line":11,"column":5}},"11":{"start":{"line":12,"column":0},"end":{"line":12,"column":0}},"12":{"start":{"line":13,"column":0},"end":{"line":13,"column":37}},"13":{"start":{"line":14,"column":0},"end":{"line":14,"column":3}},"14":{"start":{"line":15,"column":0},"end":{"line":15,"column":1}},"15":{"start":{"line":16,"column":0},"end":{"line":16,"column":0}},"16":{"start":{"line":17,"column":0},"end":{"line":17,"column":32}}},"s":{"0":1,"1":1,"2":1,"3":1,"4":1,"5":1,"6":1,"7":1,"8":1,"9":1,"10":1,"11":1,"12":1,"13":1,"14":1,"15":1,"16":1},"branchMap":{"0":{"type":"branch","line":1,"loc":{"start":{"line":1,"column":0},"end":{"line":10,"column":24}},"locations":[{"start":{"line":1,"column":0},"end":{"line":10,"column":24}}]},"1":{"type":"branch","line":4,"loc":{"start":{"line":4,"column":15},"end":{"line":10,"column":24}},"locations":[{"start":{"line":4,"column":15},"end":{"line":10,"column":24}}]}},"b":{"0":[1],"1":[1]},"fnMap":{"0":{"name":"InjectHttpInterceptor","decl":{"start":{"line":1,"column":0},"end":{"line":10,"column":24}},"loc":{"start":{"line":1,"column":0},"end":{"line":10,"column":24}},"line":1},"1":{"name":"InjectHttpInterceptor.http.Server.emit","decl":{"start":{"line":4,"column":15},"end":{"line":10,"column":24}},"loc":{"start":{"line":4,"column":15},"end":{"line":10,"column":24}},"line":4}},"f":{"0":1,"1":1}}
}
